c:\users\leoob\downloads\lfr\vs\lfr\x64\debug\vc143.pdb
c:\users\leoob\downloads\lfr\vs\lfr\x64\debug\vc143.idb
c:\users\leoob\downloads\lfr\vs\lfr\x64\debug\utils.obj
c:\users\leoob\downloads\lfr\vs\lfr\x64\debug\main.obj
c:\users\leoob\downloads\lfr\vs\lfr\x64\debug\image.obj
c:\users\leoob\downloads\lfr\vs\lfr\x64\debug\gl_utils.obj
c:\users\leoob\downloads\lfr\vs\lfr\x64\debug\aosgenerator.obj
c:\users\leoob\downloads\lfr\vs\lfr\x64\debug\aos.obj
c:\users\leoob\downloads\lfr\vs\lfr\x64\debug\imgui_widgets.obj
c:\users\leoob\downloads\lfr\vs\lfr\x64\debug\imgui_impl_opengl3.obj
c:\users\leoob\downloads\lfr\vs\lfr\x64\debug\imgui_impl_glfw.obj
c:\users\leoob\downloads\lfr\vs\lfr\x64\debug\imgui_draw.obj
c:\users\leoob\downloads\lfr\vs\lfr\x64\debug\imgui.obj
c:\users\leoob\downloads\lfr\vs\lfr\x64\debug\glad.obj
c:\users\leoob\downloads\lfr\vs\lfr\x64\debug\lfr.tlog\cl.command.1.tlog
c:\users\leoob\downloads\lfr\vs\lfr\x64\debug\lfr.tlog\cl.read.1.tlog
c:\users\leoob\downloads\lfr\vs\lfr\x64\debug\lfr.tlog\cl.write.1.tlog
c:\users\leoob\downloads\lfr\vs\lfr\x64\debug\lfr.tlog\link.command.1.tlog
c:\users\leoob\downloads\lfr\vs\lfr\x64\debug\lfr.tlog\link.read.1.tlog
c:\users\leoob\downloads\lfr\vs\lfr\x64\debug\lfr.tlog\link.write.1.tlog
